<?xml version="1.0" encoding="UTF-8"?>
<!-- Generated by org.testng.reporters.JUnitReportReporter -->
<testsuite hostname="HIMU-PC" name="datadriven.WriteUrls" tests="1" failures="0" timestamp="15 Sep 2015 13:50:36 GMT" time="191.589" errors="0">
  <testcase name="setexpurl" time="191.589" classname="datadriven.WriteUrls"/>
</testsuite> <!-- datadriven.WriteUrls -->
