<?xml version="1.0" encoding="UTF-8"?>
<!-- Generated by org.testng.reporters.JUnitReportReporter -->
<testsuite hostname="HIMU-PC" name="datadriven.DatadrivenTesting" tests="1" failures="0" timestamp="2 Sep 2015 19:12:36 GMT" time="30.488" errors="0">
  <testcase name="linktest" time="30.488" classname="datadriven.DatadrivenTesting"/>
</testsuite> <!-- datadriven.DatadrivenTesting -->
