<?xml version="1.0" encoding="UTF-8"?>
<!-- Generated by org.testng.reporters.JUnitReportReporter -->
<testsuite hostname="HIMU-PC" name="dropdown.DropdownTest1" tests="1" failures="0" timestamp="11 Sep 2015 05:10:49 GMT" time="79.230" errors="0">
  <testcase name="testDropdownusingAction" time="79.230" classname="dropdown.DropdownTest1"/>
</testsuite> <!-- dropdown.DropdownTest1 -->
