<?xml version="1.0" encoding="UTF-8"?>
<!-- Generated by org.testng.reporters.JUnitReportReporter -->
<testsuite hostname="HIMU-PC" name="datadriven.Dropdowntest4" tests="1" failures="0" timestamp="17 Sep 2015 07:32:38 GMT" time="58.560" errors="0">
  <testcase name="testDrop" time="58.560" classname="datadriven.Dropdowntest4"/>
</testsuite> <!-- datadriven.Dropdowntest4 -->
