<?xml version="1.0" encoding="UTF-8"?>
<!-- Generated by org.testng.reporters.JUnitReportReporter -->
<testsuite hostname="HIMU-PC" name="datadriven.Datadriventesting2" tests="1" failures="0" timestamp="15 Sep 2015 14:48:44 GMT" time="115.339" errors="0">
  <testcase name="setexpurl" time="115.339" classname="datadriven.Datadriventesting2"/>
</testsuite> <!-- datadriven.Datadriventesting2 -->
