<?xml version="1.0" encoding="UTF-8"?>
<!-- Generated by org.testng.reporters.JUnitReportReporter -->
<testsuite hostname="HIMU-PC" name="datadriven.WriteLinks" tests="1" failures="0" timestamp="15 Sep 2015 12:55:00 GMT" time="5.213" errors="0">
  <testcase name="linktest" time="5.213" classname="datadriven.WriteLinks"/>
</testsuite> <!-- datadriven.WriteLinks -->
