<?xml version="1.0" encoding="UTF-8"?>
<!-- Generated by org.testng.reporters.JUnitReportReporter -->
<testsuite hostname="HIMU-PC" name="linktest.linktest1" tests="1" failures="0" timestamp="10 Sep 2015 10:35:19 GMT" time="39.062" errors="0">
  <testcase name="linktests" time="39.062" classname="linktest.linktest1"/>
</testsuite> <!-- linktest.linktest1 -->
