<?xml version="1.0" encoding="UTF-8"?>
<!-- Generated by org.testng.reporters.JUnitReportReporter -->
<testsuite hostname="HIMU-PC" name="datadriven.Datadriventesting3" tests="1" failures="0" timestamp="17 Sep 2015 06:01:55 GMT" time="101.583" errors="0">
  <testcase name="testDrop" time="101.583" classname="datadriven.Datadriventesting3"/>
</testsuite> <!-- datadriven.Datadriventesting3 -->
