<?xml version="1.0" encoding="UTF-8"?>
<!-- Generated by org.testng.reporters.JUnitReportReporter -->
<testsuite hostname="HIMU-PC" name="datadriven.AjaxTesting" tests="1" failures="0" timestamp="17 Sep 2015 14:45:26 GMT" time="25.630" errors="0">
  <testcase name="testAjax" time="25.630" classname="datadriven.AjaxTesting"/>
</testsuite> <!-- datadriven.AjaxTesting -->
