<?xml version="1.0" encoding="UTF-8"?>
<!-- Generated by org.testng.reporters.JUnitReportReporter -->
<testsuite hostname="HIMU-PC" name="datadriven.DatadrivenTesting5" tests="1" failures="0" timestamp="17 Sep 2015 11:21:58 GMT" time="19.942" errors="0">
  <testcase name="setTheTest" time="19.942" classname="datadriven.DatadrivenTesting5"/>
</testsuite> <!-- datadriven.DatadrivenTesting5 -->
